{
  "Cucumber Features": {
    "coverage": {
      "/home/reinaldoneto/Documentos/ESI/EP-ESI/app/controllers/application_controller.rb": {
        "lines": [
          1,
          null
        ]
      },
      "/home/reinaldoneto/Documentos/ESI/EP-ESI/app/helpers/application_helper.rb": {
        "lines": [
          1,
          null
        ]
      },
      "/home/reinaldoneto/Documentos/ESI/EP-ESI/app/jobs/application_job.rb": {
        "lines": [
          1,
          null,
          null,
          null,
          null,
          null,
          null
        ]
      },
      "/home/reinaldoneto/Documentos/ESI/EP-ESI/app/mailers/application_mailer.rb": {
        "lines": [
          1,
          1,
          1,
          null
        ]
      },
      "/home/reinaldoneto/Documentos/ESI/EP-ESI/app/models/application_record.rb": {
        "lines": [
          1,
          1,
          null
        ]
      },
      "/home/reinaldoneto/Documentos/ESI/EP-ESI/app/channels/application_cable/channel.rb": {
        "lines": [
          1,
          1,
          null,
          null
        ]
      },
      "/home/reinaldoneto/Documentos/ESI/EP-ESI/app/channels/application_cable/connection.rb": {
        "lines": [
          1,
          1,
          null,
          null
        ]
      }
    },
    "timestamp": 1665629976
  },
  "RSpec": {
    "coverage": {
      "/home/reinaldoneto/Documentos/ESI/EP-ESI/app/channels/application_cable/channel.rb": {
        "lines": [
          0,
          0,
          0,
          0
        ],
        "branches": {
        }
      },
      "/home/reinaldoneto/Documentos/ESI/EP-ESI/app/channels/application_cable/connection.rb": {
        "lines": [
          0,
          0,
          0,
          0
        ],
        "branches": {
        }
      },
      "/home/reinaldoneto/Documentos/ESI/EP-ESI/app/controllers/application_controller.rb": {
        "lines": [
          0,
          0
        ],
        "branches": {
        }
      },
      "/home/reinaldoneto/Documentos/ESI/EP-ESI/app/helpers/application_helper.rb": {
        "lines": [
          0,
          0
        ],
        "branches": {
        }
      },
      "/home/reinaldoneto/Documentos/ESI/EP-ESI/app/jobs/application_job.rb": {
        "lines": [
          0,
          null,
          null,
          null,
          null,
          null,
          0
        ],
        "branches": {
        }
      },
      "/home/reinaldoneto/Documentos/ESI/EP-ESI/app/mailers/application_mailer.rb": {
        "lines": [
          0,
          0,
          0,
          0
        ],
        "branches": {
        }
      },
      "/home/reinaldoneto/Documentos/ESI/EP-ESI/app/models/application_record.rb": {
        "lines": [
          0,
          0,
          0
        ],
        "branches": {
        }
      }
    },
    "timestamp": 1665621073
  }
}
