SF:./app/channels/application_cable/channel.rb
DA:1,2
DA:2,2
end_of_record
SF:./app/channels/application_cable/connection.rb
DA:1,2
DA:2,2
end_of_record
SF:./app/controllers/application_controller.rb
DA:1,2
end_of_record
SF:./app/controllers/bdr_controller.rb
DA:1,2
DA:3,2
DA:4,0
DA:7,2
DA:8,0
DA:9,0
DA:10,0
DA:12,0
DA:13,0
DA:17,2
DA:18,0
DA:21,2
DA:22,2
DA:23,0
end_of_record
SF:./app/controllers/redacao_controller.rb
DA:1,2
DA:2,2
DA:3,0
DA:5,2
DA:6,0
DA:7,0
DA:8,0
DA:10,0
DA:11,0
DA:15,2
DA:16,0
DA:19,2
DA:20,2
DA:21,0
end_of_record
SF:./app/helpers/application_helper.rb
DA:1,2
end_of_record
SF:./app/jobs/application_job.rb
DA:1,2
end_of_record
SF:./app/mailers/application_mailer.rb
DA:1,2
DA:2,2
DA:3,2
end_of_record
SF:./app/models/application_record.rb
DA:1,2
DA:2,2
end_of_record
SF:./app/models/bdr.rb
DA:1,2
DA:2,2
DA:3,2
end_of_record
SF:./app/models/redacao.rb
DA:1,2
DA:2,2
DA:3,2
end_of_record
