SF:./app/channels/application_cable/channel.rb
DA:1,2
DA:2,2
end_of_record
SF:./app/channels/application_cable/connection.rb
DA:1,2
DA:2,2
end_of_record
SF:./app/controllers/application_controller.rb
DA:1,2
end_of_record
SF:./app/controllers/essays_controller.rb
DA:1,2
DA:2,2
DA:4,2
DA:5,0
DA:8,2
DA:9,0
DA:10,0
DA:11,0
DA:13,0
DA:17,2
DA:19,2
DA:20,0
end_of_record
SF:./app/controllers/teachers_controller.rb
DA:1,2
DA:2,2
DA:3,2
DA:5,2
DA:6,0
DA:9,2
DA:10,0
DA:13,2
DA:14,0
DA:15,0
DA:16,0
DA:18,0
DA:22,2
DA:24,2
DA:25,0
end_of_record
SF:./app/controllers/users_controller.rb
DA:1,2
DA:2,2
DA:3,4
DA:6,2
DA:7,0
DA:8,0
DA:10,0
DA:11,0
DA:13,0
DA:17,2
DA:19,2
DA:20,0
end_of_record
SF:./app/helpers/application_helper.rb
DA:1,2
end_of_record
SF:./app/jobs/application_job.rb
DA:1,2
end_of_record
SF:./app/mailers/application_mailer.rb
DA:1,2
DA:2,2
DA:3,2
end_of_record
SF:./app/models/application_record.rb
DA:1,2
DA:2,2
end_of_record
SF:./app/models/essay.rb
DA:1,2
DA:2,2
DA:3,2
DA:5,2
DA:6,0
end_of_record
SF:./app/models/users.rb
DA:1,2
DA:2,2
DA:3,2
DA:4,2
DA:6,2
DA:7,0
end_of_record
